<?xml version="1.0" encoding="UTF-8"?>
<!-- Generated by org.testng.reporters.JUnitXMLReporter -->
<testsuite ignored="0" hostname="LokeshBhyrava" failures="0" tests="3" name="Default test" time="0.059" errors="0" timestamp="2023-05-24T15:05:05 IST">
  <testcase classname="listeners.dependency1" name="test1" time="0.009"/>
  <testcase classname="listeners.dependency1" name="test2" time="0.002"/>
  <testcase classname="listeners.dependency1" name="test3" time="0.001"/>
</testsuite> <!-- Default test -->
