<?xml version="1.0" encoding="UTF-8"?>
<testng-results ignored="0" total="3" passed="3" failed="0" skipped="0">
  <reporter-output>
  </reporter-output>
  <suite started-at="2023-05-24T15:05:05 IST" name="Default suite" finished-at="2023-05-24T15:05:05 IST" duration-ms="59">
    <groups>
    </groups>
    <test started-at="2023-05-24T15:05:05 IST" name="Default test" finished-at="2023-05-24T15:05:05 IST" duration-ms="59">
      <class name="listeners.dependency1">
        <test-method signature="test1()[pri:0, instance:listeners.dependency1@6631f5ca]" started-at="2023-05-24T15:05:05 IST" name="test1" finished-at="2023-05-24T15:05:05 IST" duration-ms="9" status="PASS">
          <reporter-output>
          </reporter-output>
        </test-method> <!-- test1 -->
        <test-method signature="test2()[pri:0, instance:listeners.dependency1@6631f5ca]" started-at="2023-05-24T15:05:05 IST" name="test2" finished-at="2023-05-24T15:05:05 IST" duration-ms="2" status="PASS">
          <reporter-output>
          </reporter-output>
        </test-method> <!-- test2 -->
        <test-method signature="test3()[pri:0, instance:listeners.dependency1@6631f5ca]" started-at="2023-05-24T15:05:05 IST" name="test3" finished-at="2023-05-24T15:05:05 IST" depends-on-methods="listeners.dependency1.test2" duration-ms="1" status="PASS">
          <reporter-output>
          </reporter-output>
        </test-method> <!-- test3 -->
      </class> <!-- listeners.dependency1 -->
    </test> <!-- Default test -->
  </suite> <!-- Default suite -->
</testng-results>
